This file contains any messages produced by compilers while
running configure, to aid debugging if configure makes a mistake.

It was created by mongo-c-driver configure 1.5.0, which was
generated by GNU Autoconf 2.69.  Invocation command line was

  $ ./configure 

## --------- ##
## Platform. ##
## --------- ##

hostname = EU-vm
uname -m = x86_64
uname -r = 4.15.0-1037-azure
uname -s = Linux
uname -v = #39~16.04.1-Ubuntu SMP Tue Jan 15 17:20:47 UTC 2019

/usr/bin/uname -p = unknown
/bin/uname -X     = unknown

/bin/arch              = unknown
/usr/bin/arch -k       = unknown
/usr/convex/getsysinfo = unknown
/usr/bin/hostinfo      = unknown
/bin/machine           = unknown
/usr/bin/oslevel       = unknown
/bin/universe          = unknown

PATH: /home/andrea/bin
PATH: /home/andrea/.local/bin
PATH: /usr/local/sbin
PATH: /usr/local/bin
PATH: /usr/sbin
PATH: /usr/bin
PATH: /sbin
PATH: /bin
PATH: /usr/games
PATH: /usr/local/games
PATH: /snap/bin


## ----------- ##
## Core tests. ##
## ----------- ##

configure:2577: Current version (from VERSION_CURRENT file): 1.5.0
configure:2703: checking for gcc
configure:2719: found /usr/bin/gcc
configure:2730: result: gcc
configure:2959: checking for C compiler version
configure:2968: gcc --version >&5
gcc (Ubuntu 5.4.0-6ubuntu1~16.04.11) 5.4.0 20160609
Copyright (C) 2015 Free Software Foundation, Inc.
This is free software; see the source for copying conditions.  There is NO
warranty; not even for MERCHANTABILITY or FITNESS FOR A PARTICULAR PURPOSE.

configure:2979: $? = 0
configure:2968: gcc -v >&5
Using built-in specs.
COLLECT_GCC=gcc
COLLECT_LTO_WRAPPER=/usr/lib/gcc/x86_64-linux-gnu/5/lto-wrapper
Target: x86_64-linux-gnu
Configured with: ../src/configure -v --with-pkgversion='Ubuntu 5.4.0-6ubuntu1~16.04.11' --with-bugurl=file:///usr/share/doc/gcc-5/README.Bugs --enable-languages=c,ada,c++,java,go,d,fortran,objc,obj-c++ --prefix=/usr --program-suffix=-5 --enable-shared --enable-linker-build-id --libexecdir=/usr/lib --without-included-gettext --enable-threads=posix --libdir=/usr/lib --enable-nls --with-sysroot=/ --enable-clocale=gnu --enable-libstdcxx-debug --enable-libstdcxx-time=yes --with-default-libstdcxx-abi=new --enable-gnu-unique-object --disable-vtable-verify --enable-libmpx --enable-plugin --with-system-zlib --disable-browser-plugin --enable-java-awt=gtk --enable-gtk-cairo --with-java-home=/usr/lib/jvm/java-1.5.0-gcj-5-amd64/jre --enable-java-home --with-jvm-root-dir=/usr/lib/jvm/java-1.5.0-gcj-5-amd64 --with-jvm-jar-dir=/usr/lib/jvm-exports/java-1.5.0-gcj-5-amd64 --with-arch-directory=amd64 --with-ecj-jar=/usr/share/java/eclipse-ecj.jar --enable-objc-gc --enable-multiarch --disable-werror --with-arch-32=i686 --with-abi=m64 --with-multilib-list=m32,m64,mx32 --enable-multilib --with-tune=generic --enable-checking=release --build=x86_64-linux-gnu --host=x86_64-linux-gnu --target=x86_64-linux-gnu
Thread model: posix
gcc version 5.4.0 20160609 (Ubuntu 5.4.0-6ubuntu1~16.04.11) 
configure:2979: $? = 0
configure:2968: gcc -V >&5
gcc: error: unrecognized command line option '-V'
gcc: fatal error: no input files
compilation terminated.
configure:2979: $? = 1
configure:2968: gcc -qversion >&5
gcc: error: unrecognized command line option '-qversion'
gcc: fatal error: no input files
compilation terminated.
configure:2979: $? = 1
configure:2999: checking whether the C compiler works
configure:3021: gcc    conftest.c  >&5
configure:3025: $? = 0
configure:3073: result: yes
configure:3076: checking for C compiler default output file name
configure:3078: result: a.out
configure:3084: checking for suffix of executables
configure:3091: gcc -o conftest    conftest.c  >&5
configure:3095: $? = 0
configure:3117: result: 
configure:3139: checking whether we are cross compiling
configure:3147: gcc -o conftest    conftest.c  >&5
configure:3151: $? = 0
configure:3158: ./conftest
configure:3162: $? = 0
configure:3177: result: no
configure:3182: checking for suffix of object files
configure:3204: gcc -c   conftest.c >&5
configure:3208: $? = 0
configure:3229: result: o
configure:3233: checking whether we are using the GNU C compiler
configure:3252: gcc -c   conftest.c >&5
configure:3252: $? = 0
configure:3261: result: yes
configure:3270: checking whether gcc accepts -g
configure:3290: gcc -c -g  conftest.c >&5
configure:3290: $? = 0
configure:3331: result: yes
configure:3348: checking for gcc option to accept ISO C89
configure:3411: gcc  -c   conftest.c >&5
configure:3411: $? = 0
configure:3424: result: none needed
configure:3452: checking whether gcc understands -c and -o together
configure:3474: gcc -c conftest.c -o conftest2.o
configure:3477: $? = 0
configure:3474: gcc -c conftest.c -o conftest2.o
configure:3477: $? = 0
configure:3489: result: yes
configure:3564: checking for g++
configure:3580: found /usr/bin/g++
configure:3591: result: g++
configure:3618: checking for C++ compiler version
configure:3627: g++ --version >&5
g++ (Ubuntu 5.4.0-6ubuntu1~16.04.11) 5.4.0 20160609
Copyright (C) 2015 Free Software Foundation, Inc.
This is free software; see the source for copying conditions.  There is NO
warranty; not even for MERCHANTABILITY or FITNESS FOR A PARTICULAR PURPOSE.

configure:3638: $? = 0
configure:3627: g++ -v >&5
Using built-in specs.
COLLECT_GCC=g++
COLLECT_LTO_WRAPPER=/usr/lib/gcc/x86_64-linux-gnu/5/lto-wrapper
Target: x86_64-linux-gnu
Configured with: ../src/configure -v --with-pkgversion='Ubuntu 5.4.0-6ubuntu1~16.04.11' --with-bugurl=file:///usr/share/doc/gcc-5/README.Bugs --enable-languages=c,ada,c++,java,go,d,fortran,objc,obj-c++ --prefix=/usr --program-suffix=-5 --enable-shared --enable-linker-build-id --libexecdir=/usr/lib --without-included-gettext --enable-threads=posix --libdir=/usr/lib --enable-nls --with-sysroot=/ --enable-clocale=gnu --enable-libstdcxx-debug --enable-libstdcxx-time=yes --with-default-libstdcxx-abi=new --enable-gnu-unique-object --disable-vtable-verify --enable-libmpx --enable-plugin --with-system-zlib --disable-browser-plugin --enable-java-awt=gtk --enable-gtk-cairo --with-java-home=/usr/lib/jvm/java-1.5.0-gcj-5-amd64/jre --enable-java-home --with-jvm-root-dir=/usr/lib/jvm/java-1.5.0-gcj-5-amd64 --with-jvm-jar-dir=/usr/lib/jvm-exports/java-1.5.0-gcj-5-amd64 --with-arch-directory=amd64 --with-ecj-jar=/usr/share/java/eclipse-ecj.jar --enable-objc-gc --enable-multiarch --disable-werror --with-arch-32=i686 --with-abi=m64 --with-multilib-list=m32,m64,mx32 --enable-multilib --with-tune=generic --enable-checking=release --build=x86_64-linux-gnu --host=x86_64-linux-gnu --target=x86_64-linux-gnu
Thread model: posix
gcc version 5.4.0 20160609 (Ubuntu 5.4.0-6ubuntu1~16.04.11) 
configure:3638: $? = 0
configure:3627: g++ -V >&5
g++: error: unrecognized command line option '-V'
g++: fatal error: no input files
compilation terminated.
configure:3638: $? = 1
configure:3627: g++ -qversion >&5
g++: error: unrecognized command line option '-qversion'
g++: fatal error: no input files
compilation terminated.
configure:3638: $? = 1
configure:3642: checking whether we are using the GNU C++ compiler
configure:3661: g++ -c   conftest.cpp >&5
configure:3661: $? = 0
configure:3670: result: yes
configure:3679: checking whether g++ accepts -g
configure:3699: g++ -c -g  conftest.cpp >&5
configure:3699: $? = 0
configure:3740: result: yes
configure:3796: gcc -c   conftest.c >&5
configure:3796: $? = 0
configure:3820: gcc -c   conftest.c >&5
configure:3820: $? = 0
configure:3839: gcc -c   conftest.c >&5
conftest.c:11:2: error: #error Not a supported Sun compiler
 #error Not a supported Sun compiler
  ^
configure:3839: $? = 1
configure: failed program was:
| /* confdefs.h */
| #define PACKAGE_NAME "mongo-c-driver"
| #define PACKAGE_TARNAME "mongo-c-driver"
| #define PACKAGE_VERSION "1.5.0"
| #define PACKAGE_STRING "mongo-c-driver 1.5.0"
| #define PACKAGE_BUGREPORT "https://jira.mongodb.org/browse/CDRIVER"
| #define PACKAGE_URL ""
| /* end confdefs.h.  */
| 
| #if !(defined(__SUNPRO_C))
| #error Not a supported Sun compiler
| #endif
| 
| int
| main ()
| {
| 
|   ;
|   return 0;
| }
configure:3872: gcc -c   conftest.c >&5
configure:3872: $? = 0
configure:3880: checking for an ANSI C-conforming const
configure:3946: gcc -c   conftest.c >&5
configure:3946: $? = 0
configure:3953: result: yes
configure:3961: checking for inline
configure:3977: gcc -c   conftest.c >&5
configure:3977: $? = 0
configure:3985: result: inline
configure:4004: checking for typeof syntax and keyword spelling
configure:4035: gcc -c   conftest.c >&5
configure:4035: $? = 0
configure:4042: result: typeof
configure:4060: checking for perl
configure:4078: found /usr/bin/perl
configure:4090: result: /usr/bin/perl
configure:4104: checking for mv
configure:4122: found /bin/mv
configure:4134: result: /bin/mv
configure:4148: checking for grep
configure:4166: found /bin/grep
configure:4178: result: /bin/grep
configure:4195: checking how to run the C preprocessor
configure:4226: gcc -E  conftest.c
configure:4226: $? = 0
configure:4240: gcc -E  conftest.c
conftest.c:10:28: fatal error: ac_nonexistent.h: No such file or directory
compilation terminated.
configure:4240: $? = 1
configure: failed program was:
| /* confdefs.h */
| #define PACKAGE_NAME "mongo-c-driver"
| #define PACKAGE_TARNAME "mongo-c-driver"
| #define PACKAGE_VERSION "1.5.0"
| #define PACKAGE_STRING "mongo-c-driver 1.5.0"
| #define PACKAGE_BUGREPORT "https://jira.mongodb.org/browse/CDRIVER"
| #define PACKAGE_URL ""
| #define HAVE_TYPEOF 1
| /* end confdefs.h.  */
| #include <ac_nonexistent.h>
configure:4265: result: gcc -E
configure:4285: gcc -E  conftest.c
configure:4285: $? = 0
configure:4299: gcc -E  conftest.c
conftest.c:10:28: fatal error: ac_nonexistent.h: No such file or directory
compilation terminated.
configure:4299: $? = 1
configure: failed program was:
| /* confdefs.h */
| #define PACKAGE_NAME "mongo-c-driver"
| #define PACKAGE_TARNAME "mongo-c-driver"
| #define PACKAGE_VERSION "1.5.0"
| #define PACKAGE_STRING "mongo-c-driver 1.5.0"
| #define PACKAGE_BUGREPORT "https://jira.mongodb.org/browse/CDRIVER"
| #define PACKAGE_URL ""
| #define HAVE_TYPEOF 1
| /* end confdefs.h.  */
| #include <ac_nonexistent.h>
configure:4328: checking for grep that handles long lines and -e
configure:4386: result: /bin/grep
configure:4391: checking for egrep
configure:4453: result: /bin/grep -E
configure:4458: checking for ANSI C header files
configure:4478: gcc -c   conftest.c >&5
configure:4478: $? = 0
configure:4551: gcc -o conftest    conftest.c  >&5
configure:4551: $? = 0
configure:4551: ./conftest
configure:4551: $? = 0
configure:4562: result: yes
configure:4575: checking for sys/types.h
configure:4575: gcc -c   conftest.c >&5
configure:4575: $? = 0
configure:4575: result: yes
configure:4575: checking for sys/stat.h
configure:4575: gcc -c   conftest.c >&5
configure:4575: $? = 0
configure:4575: result: yes
configure:4575: checking for stdlib.h
configure:4575: gcc -c   conftest.c >&5
configure:4575: $? = 0
configure:4575: result: yes
configure:4575: checking for string.h
configure:4575: gcc -c   conftest.c >&5
configure:4575: $? = 0
configure:4575: result: yes
configure:4575: checking for memory.h
configure:4575: gcc -c   conftest.c >&5
configure:4575: $? = 0
configure:4575: result: yes
configure:4575: checking for strings.h
configure:4575: gcc -c   conftest.c >&5
configure:4575: $? = 0
configure:4575: result: yes
configure:4575: checking for inttypes.h
configure:4575: gcc -c   conftest.c >&5
configure:4575: $? = 0
configure:4575: result: yes
configure:4575: checking for stdint.h
configure:4575: gcc -c   conftest.c >&5
configure:4575: $? = 0
configure:4575: result: yes
configure:4575: checking for unistd.h
configure:4575: gcc -c   conftest.c >&5
configure:4575: $? = 0
configure:4575: result: yes
configure:4593: checking for strings.h
configure:4593: result: yes
configure:4611: checking for yelp-build
configure:4644: result: no
configure:4664: checking for a BSD-compatible install
configure:4732: result: /usr/bin/install -c
configure:4749: checking build system type
configure:4763: result: x86_64-pc-linux-gnu
configure:4783: checking host system type
configure:4796: result: x86_64-pc-linux-gnu
configure:4863: checking target system type
configure:4876: result: x86_64-pc-linux-gnu
configure:5317: checking how to print strings
configure:5344: result: printf
configure:5365: checking for a sed that does not truncate output
configure:5429: result: /bin/sed
configure:5447: checking for fgrep
configure:5509: result: /bin/grep -F
configure:5544: checking for ld used by gcc
configure:5611: result: /usr/bin/ld
configure:5618: checking if the linker (/usr/bin/ld) is GNU ld
configure:5633: result: yes
configure:5645: checking for BSD- or MS-compatible name lister (nm)
configure:5699: result: /usr/bin/nm -B
configure:5829: checking the name lister (/usr/bin/nm -B) interface
configure:5836: gcc -c   conftest.c >&5
configure:5839: /usr/bin/nm -B "conftest.o"
configure:5842: output
0000000000000000 B some_variable
configure:5849: result: BSD nm
configure:5852: checking whether ln -s works
configure:5856: result: yes
configure:5864: checking the maximum length of command line arguments
configure:5995: result: 1572864
configure:6043: checking how to convert x86_64-pc-linux-gnu file names to x86_64-pc-linux-gnu format
configure:6083: result: func_convert_file_noop
configure:6090: checking how to convert x86_64-pc-linux-gnu file names to toolchain format
configure:6110: result: func_convert_file_noop
configure:6117: checking for /usr/bin/ld option to reload object files
configure:6124: result: -r
configure:6198: checking for objdump
configure:6225: result: objdump
configure:6254: checking how to recognize dependent libraries
configure:6454: result: pass_all
configure:6539: checking for dlltool
configure:6566: result: dlltool
configure:6596: checking how to associate runtime and link libraries
configure:6623: result: printf %s\n
configure:6683: checking for ar
configure:6699: found /usr/bin/ar
configure:6710: result: ar
configure:6747: checking for archiver @FILE support
configure:6764: gcc -c   conftest.c >&5
configure:6764: $? = 0
configure:6767: ar cru libconftest.a @conftest.lst >&5
ar: `u' modifier ignored since `D' is the default (see `U')
configure:6770: $? = 0
configure:6775: ar cru libconftest.a @conftest.lst >&5
ar: `u' modifier ignored since `D' is the default (see `U')
ar: conftest.o: No such file or directory
configure:6778: $? = 1
configure:6790: result: @
configure:6848: checking for strip
configure:6864: found /usr/bin/strip
configure:6875: result: strip
configure:6947: checking for ranlib
configure:6963: found /usr/bin/ranlib
configure:6974: result: ranlib
configure:7051: checking for gawk
configure:7067: found /usr/bin/gawk
configure:7078: result: gawk
configure:7118: checking command to parse /usr/bin/nm -B output from gcc object
configure:7271: gcc -c   conftest.c >&5
configure:7274: $? = 0
configure:7278: /usr/bin/nm -B conftest.o \| sed -n -e 's/^.*[ ]\([ABCDGIRSTW][ABCDGIRSTW]*\)[ ][ ]*\([_A-Za-z][_A-Za-z0-9]*\)$/\1 \2 \2/p' | sed '/ __gnu_lto/d' \> conftest.nm
configure:7281: $? = 0
configure:7347: gcc -o conftest    conftest.c conftstm.o >&5
configure:7350: $? = 0
configure:7388: result: ok
configure:7435: checking for sysroot
configure:7465: result: no
configure:7472: checking for a working dd
configure:7510: result: /bin/dd
configure:7514: checking how to truncate binary pipes
configure:7529: result: /bin/dd bs=4096 count=1
configure:7665: gcc -c   conftest.c >&5
configure:7668: $? = 0
configure:7858: checking for mt
configure:7874: found /bin/mt
configure:7885: result: mt
configure:7908: checking if mt is a manifest tool
configure:7914: mt '-?'
configure:7922: result: no
configure:8596: checking for dlfcn.h
configure:8596: gcc -c   conftest.c >&5
configure:8596: $? = 0
configure:8596: result: yes
configure:8831: checking for objdir
configure:8846: result: .libs
configure:9110: checking if gcc supports -fno-rtti -fno-exceptions
configure:9128: gcc -c   -fno-rtti -fno-exceptions conftest.c >&5
cc1: warning: command line option '-fno-rtti' is valid for C++/ObjC++ but not for C
configure:9132: $? = 0
configure:9145: result: no
configure:9503: checking for gcc option to produce PIC
configure:9510: result: -fPIC -DPIC
configure:9518: checking if gcc PIC flag -fPIC -DPIC works
configure:9536: gcc -c   -fPIC -DPIC -DPIC conftest.c >&5
configure:9540: $? = 0
configure:9553: result: yes
configure:9582: checking if gcc static flag -static works
configure:9610: result: yes
configure:9625: checking if gcc supports -c -o file.o
configure:9646: gcc -c   -o out/conftest2.o conftest.c >&5
configure:9650: $? = 0
configure:9672: result: yes
configure:9680: checking if gcc supports -c -o file.o
configure:9727: result: yes
configure:9760: checking whether the gcc linker (/usr/bin/ld -m elf_x86_64) supports shared libraries
configure:11023: result: yes
configure:11060: checking whether -lc should be explicitly linked in
configure:11068: gcc -c   conftest.c >&5
configure:11071: $? = 0
configure:11086: gcc -shared  -fPIC -DPIC conftest.o  -v -Wl,-soname -Wl,conftest -o conftest 2\>\&1 \| /bin/grep  -lc  \>/dev/null 2\>\&1
configure:11089: $? = 0
configure:11103: result: no
configure:11263: checking dynamic linker characteristics
configure:11844: gcc -o conftest    -Wl,-rpath -Wl,/foo conftest.c  >&5
configure:11844: $? = 0
configure:12093: result: GNU/Linux ld.so
configure:12215: checking how to hardcode library paths into programs
configure:12240: result: immediate
configure:12788: checking whether stripping libraries is possible
configure:12793: result: yes
configure:12828: checking if libtool supports shared libraries
configure:12830: result: yes
configure:12833: checking whether to build shared libraries
configure:12858: result: yes
configure:12861: checking whether to build static libraries
configure:12865: result: no
configure:12888: checking how to run the C++ preprocessor
configure:12915: g++ -E  conftest.cpp
configure:12915: $? = 0
configure:12929: g++ -E  conftest.cpp
conftest.cpp:23:28: fatal error: ac_nonexistent.h: No such file or directory
compilation terminated.
configure:12929: $? = 1
configure: failed program was:
| /* confdefs.h */
| #define PACKAGE_NAME "mongo-c-driver"
| #define PACKAGE_TARNAME "mongo-c-driver"
| #define PACKAGE_VERSION "1.5.0"
| #define PACKAGE_STRING "mongo-c-driver 1.5.0"
| #define PACKAGE_BUGREPORT "https://jira.mongodb.org/browse/CDRIVER"
| #define PACKAGE_URL ""
| #define HAVE_TYPEOF 1
| #define STDC_HEADERS 1
| #define HAVE_SYS_TYPES_H 1
| #define HAVE_SYS_STAT_H 1
| #define HAVE_STDLIB_H 1
| #define HAVE_STRING_H 1
| #define HAVE_MEMORY_H 1
| #define HAVE_STRINGS_H 1
| #define HAVE_INTTYPES_H 1
| #define HAVE_STDINT_H 1
| #define HAVE_UNISTD_H 1
| #define HAVE_STRINGS_H 1
| #define HAVE_DLFCN_H 1
| #define LT_OBJDIR ".libs/"
| /* end confdefs.h.  */
| #include <ac_nonexistent.h>
configure:12954: result: g++ -E
configure:12974: g++ -E  conftest.cpp
configure:12974: $? = 0
configure:12988: g++ -E  conftest.cpp
conftest.cpp:23:28: fatal error: ac_nonexistent.h: No such file or directory
compilation terminated.
configure:12988: $? = 1
configure: failed program was:
| /* confdefs.h */
| #define PACKAGE_NAME "mongo-c-driver"
| #define PACKAGE_TARNAME "mongo-c-driver"
| #define PACKAGE_VERSION "1.5.0"
| #define PACKAGE_STRING "mongo-c-driver 1.5.0"
| #define PACKAGE_BUGREPORT "https://jira.mongodb.org/browse/CDRIVER"
| #define PACKAGE_URL ""
| #define HAVE_TYPEOF 1
| #define STDC_HEADERS 1
| #define HAVE_SYS_TYPES_H 1
| #define HAVE_SYS_STAT_H 1
| #define HAVE_STDLIB_H 1
| #define HAVE_STRING_H 1
| #define HAVE_MEMORY_H 1
| #define HAVE_STRINGS_H 1
| #define HAVE_INTTYPES_H 1
| #define HAVE_STDINT_H 1
| #define HAVE_UNISTD_H 1
| #define HAVE_STRINGS_H 1
| #define HAVE_DLFCN_H 1
| #define LT_OBJDIR ".libs/"
| /* end confdefs.h.  */
| #include <ac_nonexistent.h>
configure:13150: checking for ld used by g++
configure:13217: result: /usr/bin/ld -m elf_x86_64
configure:13224: checking if the linker (/usr/bin/ld -m elf_x86_64) is GNU ld
configure:13239: result: yes
configure:13294: checking whether the g++ linker (/usr/bin/ld -m elf_x86_64) supports shared libraries
configure:14367: result: yes
configure:14403: g++ -c   conftest.cpp >&5
configure:14406: $? = 0
configure:14887: checking for g++ option to produce PIC
configure:14894: result: -fPIC -DPIC
configure:14902: checking if g++ PIC flag -fPIC -DPIC works
configure:14920: g++ -c   -fPIC -DPIC -DPIC conftest.cpp >&5
configure:14924: $? = 0
configure:14937: result: yes
configure:14960: checking if g++ static flag -static works
configure:14988: result: yes
configure:15000: checking if g++ supports -c -o file.o
configure:15021: g++ -c   -o out/conftest2.o conftest.cpp >&5
configure:15025: $? = 0
configure:15047: result: yes
configure:15052: checking if g++ supports -c -o file.o
configure:15099: result: yes
configure:15129: checking whether the g++ linker (/usr/bin/ld -m elf_x86_64) supports shared libraries
configure:15172: result: yes
configure:15313: checking dynamic linker characteristics
configure:16070: result: GNU/Linux ld.so
configure:16135: checking how to hardcode library paths into programs
configure:16160: result: immediate
configure:16224: checking whether to do a debug build
configure:16233: result: no
configure:16236: checking whether to enable tracing
configure:16245: result: no
configure:16248: checking whether to automatic init and cleanup
configure:16257: result: yes
configure:16260: checking whether to enable optimized builds
configure:16275: result: yes
configure:16278: checking whether to enable shared memory performance counters
configure:16287: result: yes
configure:16290: checking whether to enable code coverage support
configure:16299: result: no
configure:16302: checking whether to enable debug symbols
configure:16323: result: no
configure:16461: checking for pkg-config
configure:16479: found /usr/bin/pkg-config
configure:16491: result: /usr/bin/pkg-config
configure:16516: checking pkg-config is at least version 0.9.0
configure:16519: result: yes
configure:16531: checking for SASL
configure:16538: $PKG_CONFIG --exists --print-errors "libsasl2"
configure:16541: $? = 0
configure:16555: $PKG_CONFIG --exists --print-errors "libsasl2"
configure:16558: $? = 0
configure:16824: result: yes
configure:16834: checking sasl/sasl.h usability
configure:16834: gcc -c   conftest.c >&5
configure:16834: $? = 0
configure:16834: result: yes
configure:16834: checking sasl/sasl.h presence
configure:16834: gcc -E  conftest.c
configure:16834: $? = 0
configure:16834: result: yes
configure:16834: checking for sasl/sasl.h
configure:16834: result: yes
configure:16868: checking for sasl_client_done in -lsasl2
configure:16893: gcc -o conftest    conftest.c -lsasl2   >&5
configure:16893: $? = 0
configure:16902: result: yes
configure:16926: checking whether to enable crypto and TLS
configure:16935: result: auto
configure:16938: checking whether to use system crypto profile
configure:16947: result: no
configure:16956: checking for SSL
configure:16963: $PKG_CONFIG --exists --print-errors "openssl"
configure:16966: $? = 0
configure:16980: $PKG_CONFIG --exists --print-errors "openssl"
configure:16983: $? = 0
configure:17219: result: yes
configure:17278: checking openssl/bio.h usability
configure:17278: gcc -c   conftest.c >&5
configure:17278: $? = 0
configure:17278: result: yes
configure:17278: checking openssl/bio.h presence
configure:17278: gcc -E  conftest.c
configure:17278: $? = 0
configure:17278: result: yes
configure:17278: checking for openssl/bio.h
configure:17278: result: yes
configure:17278: checking openssl/ssl.h usability
configure:17278: gcc -c   conftest.c >&5
configure:17278: $? = 0
configure:17278: result: yes
configure:17278: checking openssl/ssl.h presence
configure:17278: gcc -E  conftest.c
configure:17278: $? = 0
configure:17278: result: yes
configure:17278: checking for openssl/ssl.h
configure:17278: result: yes
configure:17278: checking openssl/err.h usability
configure:17278: gcc -c   conftest.c >&5
configure:17278: $? = 0
configure:17278: result: yes
configure:17278: checking openssl/err.h presence
configure:17278: gcc -E  conftest.c
configure:17278: $? = 0
configure:17278: result: yes
configure:17278: checking for openssl/err.h
configure:17278: result: yes
configure:17278: checking openssl/crypto.h usability
configure:17278: gcc -c   conftest.c >&5
configure:17278: $? = 0
configure:17278: result: yes
configure:17278: checking openssl/crypto.h presence
configure:17278: gcc -E  conftest.c
configure:17278: $? = 0
configure:17278: result: yes
configure:17278: checking for openssl/crypto.h
configure:17278: result: yes
configure:17311: checking which TLS library to use
configure:17313: result: openssl
configure:17486: checking for BSON
configure:17493: $PKG_CONFIG --exists --print-errors "libbson-1.0 >= $MONGOC_RELEASED_VERSION"
Package libbson-1.0 was not found in the pkg-config search path.
Perhaps you should add the directory containing `libbson-1.0.pc'
to the PKG_CONFIG_PATH environment variable
No package 'libbson-1.0' found
configure:17496: $? = 1
configure:17510: $PKG_CONFIG --exists --print-errors "libbson-1.0 >= $MONGOC_RELEASED_VERSION"
Package libbson-1.0 was not found in the pkg-config search path.
Perhaps you should add the directory containing `libbson-1.0.pc'
to the PKG_CONFIG_PATH environment variable
No package 'libbson-1.0' found
configure:17513: $? = 1
configure:17527: result: no
No package 'libbson-1.0' found
configure:17568: checking for shm_open
configure:17568: gcc -o conftest    conftest.c  >&5
/tmp/ccrwDfCf.o: In function `main':
conftest.c:(.text+0xa): undefined reference to `shm_open'
collect2: error: ld returned 1 exit status
configure:17568: $? = 1
configure: failed program was:
| /* confdefs.h */
| #define PACKAGE_NAME "mongo-c-driver"
| #define PACKAGE_TARNAME "mongo-c-driver"
| #define PACKAGE_VERSION "1.5.0"
| #define PACKAGE_STRING "mongo-c-driver 1.5.0"
| #define PACKAGE_BUGREPORT "https://jira.mongodb.org/browse/CDRIVER"
| #define PACKAGE_URL ""
| #define HAVE_TYPEOF 1
| #define STDC_HEADERS 1
| #define HAVE_SYS_TYPES_H 1
| #define HAVE_SYS_STAT_H 1
| #define HAVE_STDLIB_H 1
| #define HAVE_STRING_H 1
| #define HAVE_MEMORY_H 1
| #define HAVE_STRINGS_H 1
| #define HAVE_INTTYPES_H 1
| #define HAVE_STDINT_H 1
| #define HAVE_UNISTD_H 1
| #define HAVE_STRINGS_H 1
| #define HAVE_DLFCN_H 1
| #define LT_OBJDIR ".libs/"
| #define HAVE_SASL_SASL_H 1
| #define HAVE_OPENSSL_BIO_H 1
| #define HAVE_OPENSSL_SSL_H 1
| #define HAVE_OPENSSL_ERR_H 1
| #define HAVE_OPENSSL_CRYPTO_H 1
| /* end confdefs.h.  */
| /* Define shm_open to an innocuous variant, in case <limits.h> declares shm_open.
|    For example, HP-UX 11i <limits.h> declares gettimeofday.  */
| #define shm_open innocuous_shm_open
| 
| /* System header to define __stub macros and hopefully few prototypes,
|     which can conflict with char shm_open (); below.
|     Prefer <limits.h> to <assert.h> if __STDC__ is defined, since
|     <limits.h> exists even on freestanding compilers.  */
| 
| #ifdef __STDC__
| # include <limits.h>
| #else
| # include <assert.h>
| #endif
| 
| #undef shm_open
| 
| /* Override any GCC internal prototype to avoid an error.
|    Use char because int might match the return type of a GCC
|    builtin and then its argument prototype would still apply.  */
| #ifdef __cplusplus
| extern "C"
| #endif
| char shm_open ();
| /* The GNU C library defines this for functions which it implements
|     to always fail with ENOSYS.  Some functions are actually named
|     something starting with __ and the normal name is an alias.  */
| #if defined __stub_shm_open || defined __stub___shm_open
| choke me
| #endif
| 
| int
| main ()
| {
| return shm_open ();
|   ;
|   return 0;
| }
configure:17568: result: no
configure:17575: checking for shm_open in -lrt
configure:17600: gcc -o conftest    conftest.c -lrt   >&5
configure:17600: $? = 0
configure:17609: result: yes
configure:17625: checking for sched_getcpu
configure:17625: gcc -o conftest    conftest.c  >&5
configure:17625: $? = 0
configure:17625: result: yes
configure:17636: checking for library containing clock_gettime
configure:17667: gcc -o conftest    conftest.c  >&5
configure:17667: $? = 0
configure:17684: result: none required
configure:17820: checking if compiler needs -Werror to reject unknown flags
configure:17836: gcc -c  -Werror -Wunknown-warning-option -Wsizeof-array-argument  -DMONGOC_ENABLE_SHM_COUNTERS conftest.c >&5
gcc: error: unrecognized command line option '-Wunknown-warning-option'
configure:17836: $? = 1
configure: failed program was:
| /* confdefs.h */
| #define PACKAGE_NAME "mongo-c-driver"
| #define PACKAGE_TARNAME "mongo-c-driver"
| #define PACKAGE_VERSION "1.5.0"
| #define PACKAGE_STRING "mongo-c-driver 1.5.0"
| #define PACKAGE_BUGREPORT "https://jira.mongodb.org/browse/CDRIVER"
| #define PACKAGE_URL ""
| #define HAVE_TYPEOF 1
| #define STDC_HEADERS 1
| #define HAVE_SYS_TYPES_H 1
| #define HAVE_SYS_STAT_H 1
| #define HAVE_STDLIB_H 1
| #define HAVE_STRING_H 1
| #define HAVE_MEMORY_H 1
| #define HAVE_STRINGS_H 1
| #define HAVE_INTTYPES_H 1
| #define HAVE_STDINT_H 1
| #define HAVE_UNISTD_H 1
| #define HAVE_STRINGS_H 1
| #define HAVE_DLFCN_H 1
| #define LT_OBJDIR ".libs/"
| #define HAVE_SASL_SASL_H 1
| #define HAVE_OPENSSL_BIO_H 1
| #define HAVE_OPENSSL_SSL_H 1
| #define HAVE_OPENSSL_ERR_H 1
| #define HAVE_OPENSSL_CRYPTO_H 1
| #define HAVE_SCHED_GETCPU 1
| #define HAVE_CLOCK_GETTIME 1
| /* end confdefs.h.  */
| int foo(void);
| int
| main ()
| {
| foo()
|   ;
|   return 0;
| }
configure:17841: result: no
configure:17907: checking for the pthreads library -lpthreads
configure:17945: gcc -o conftest     -DMONGOC_ENABLE_SHM_COUNTERS  conftest.c -lpthreads  >&5
/usr/bin/ld: cannot find -lpthreads
collect2: error: ld returned 1 exit status
configure:17945: $? = 1
configure: failed program was:
| /* confdefs.h */
| #define PACKAGE_NAME "mongo-c-driver"
| #define PACKAGE_TARNAME "mongo-c-driver"
| #define PACKAGE_VERSION "1.5.0"
| #define PACKAGE_STRING "mongo-c-driver 1.5.0"
| #define PACKAGE_BUGREPORT "https://jira.mongodb.org/browse/CDRIVER"
| #define PACKAGE_URL ""
| #define HAVE_TYPEOF 1
| #define STDC_HEADERS 1
| #define HAVE_SYS_TYPES_H 1
| #define HAVE_SYS_STAT_H 1
| #define HAVE_STDLIB_H 1
| #define HAVE_STRING_H 1
| #define HAVE_MEMORY_H 1
| #define HAVE_STRINGS_H 1
| #define HAVE_INTTYPES_H 1
| #define HAVE_STDINT_H 1
| #define HAVE_UNISTD_H 1
| #define HAVE_STRINGS_H 1
| #define HAVE_DLFCN_H 1
| #define LT_OBJDIR ".libs/"
| #define HAVE_SASL_SASL_H 1
| #define HAVE_OPENSSL_BIO_H 1
| #define HAVE_OPENSSL_SSL_H 1
| #define HAVE_OPENSSL_ERR_H 1
| #define HAVE_OPENSSL_CRYPTO_H 1
| #define HAVE_SCHED_GETCPU 1
| #define HAVE_CLOCK_GETTIME 1
| /* end confdefs.h.  */
| #include <pthread.h>
|                         static void routine(void *a) { a = 0; }
|                         static void *start_routine(void *a) { return a; }
| int
| main ()
| {
| pthread_t th; pthread_attr_t attr;
|                         pthread_create(&th, 0, start_routine, 0);
|                         pthread_join(th, 0);
|                         pthread_attr_init(&attr);
|                         pthread_cleanup_push(routine, 0);
|                         pthread_cleanup_pop(0) /* ; */
|   ;
|   return 0;
| }
configure:17954: result: no
configure:17852: checking whether pthreads work without any flags
configure:17945: gcc -o conftest     -DMONGOC_ENABLE_SHM_COUNTERS  conftest.c   >&5
/tmp/ccbgGvYu.o: In function `main':
conftest.c:(.text+0x55): undefined reference to `pthread_create'
conftest.c:(.text+0x69): undefined reference to `pthread_join'
conftest.c:(.text+0xdd): undefined reference to `__pthread_register_cancel'
conftest.c:(.text+0xe9): undefined reference to `__pthread_unregister_cancel'
collect2: error: ld returned 1 exit status
configure:17945: $? = 1
configure: failed program was:
| /* confdefs.h */
| #define PACKAGE_NAME "mongo-c-driver"
| #define PACKAGE_TARNAME "mongo-c-driver"
| #define PACKAGE_VERSION "1.5.0"
| #define PACKAGE_STRING "mongo-c-driver 1.5.0"
| #define PACKAGE_BUGREPORT "https://jira.mongodb.org/browse/CDRIVER"
| #define PACKAGE_URL ""
| #define HAVE_TYPEOF 1
| #define STDC_HEADERS 1
| #define HAVE_SYS_TYPES_H 1
| #define HAVE_SYS_STAT_H 1
| #define HAVE_STDLIB_H 1
| #define HAVE_STRING_H 1
| #define HAVE_MEMORY_H 1
| #define HAVE_STRINGS_H 1
| #define HAVE_INTTYPES_H 1
| #define HAVE_STDINT_H 1
| #define HAVE_UNISTD_H 1
| #define HAVE_STRINGS_H 1
| #define HAVE_DLFCN_H 1
| #define LT_OBJDIR ".libs/"
| #define HAVE_SASL_SASL_H 1
| #define HAVE_OPENSSL_BIO_H 1
| #define HAVE_OPENSSL_SSL_H 1
| #define HAVE_OPENSSL_ERR_H 1
| #define HAVE_OPENSSL_CRYPTO_H 1
| #define HAVE_SCHED_GETCPU 1
| #define HAVE_CLOCK_GETTIME 1
| /* end confdefs.h.  */
| #include <pthread.h>
|                         static void routine(void *a) { a = 0; }
|                         static void *start_routine(void *a) { return a; }
| int
| main ()
| {
| pthread_t th; pthread_attr_t attr;
|                         pthread_create(&th, 0, start_routine, 0);
|                         pthread_join(th, 0);
|                         pthread_attr_init(&attr);
|                         pthread_cleanup_push(routine, 0);
|                         pthread_cleanup_pop(0) /* ; */
|   ;
|   return 0;
| }
configure:17954: result: no
configure:17857: checking whether pthreads work with -Kthread
configure:17945: gcc -o conftest  -Kthread   -DMONGOC_ENABLE_SHM_COUNTERS  conftest.c   >&5
gcc: error: unrecognized command line option '-Kthread'
configure:17945: $? = 1
configure: failed program was:
| /* confdefs.h */
| #define PACKAGE_NAME "mongo-c-driver"
| #define PACKAGE_TARNAME "mongo-c-driver"
| #define PACKAGE_VERSION "1.5.0"
| #define PACKAGE_STRING "mongo-c-driver 1.5.0"
| #define PACKAGE_BUGREPORT "https://jira.mongodb.org/browse/CDRIVER"
| #define PACKAGE_URL ""
| #define HAVE_TYPEOF 1
| #define STDC_HEADERS 1
| #define HAVE_SYS_TYPES_H 1
| #define HAVE_SYS_STAT_H 1
| #define HAVE_STDLIB_H 1
| #define HAVE_STRING_H 1
| #define HAVE_MEMORY_H 1
| #define HAVE_STRINGS_H 1
| #define HAVE_INTTYPES_H 1
| #define HAVE_STDINT_H 1
| #define HAVE_UNISTD_H 1
| #define HAVE_STRINGS_H 1
| #define HAVE_DLFCN_H 1
| #define LT_OBJDIR ".libs/"
| #define HAVE_SASL_SASL_H 1
| #define HAVE_OPENSSL_BIO_H 1
| #define HAVE_OPENSSL_SSL_H 1
| #define HAVE_OPENSSL_ERR_H 1
| #define HAVE_OPENSSL_CRYPTO_H 1
| #define HAVE_SCHED_GETCPU 1
| #define HAVE_CLOCK_GETTIME 1
| /* end confdefs.h.  */
| #include <pthread.h>
|                         static void routine(void *a) { a = 0; }
|                         static void *start_routine(void *a) { return a; }
| int
| main ()
| {
| pthread_t th; pthread_attr_t attr;
|                         pthread_create(&th, 0, start_routine, 0);
|                         pthread_join(th, 0);
|                         pthread_attr_init(&attr);
|                         pthread_cleanup_push(routine, 0);
|                         pthread_cleanup_pop(0) /* ; */
|   ;
|   return 0;
| }
configure:17954: result: no
configure:17857: checking whether pthreads work with -kthread
configure:17945: gcc -o conftest  -kthread   -DMONGOC_ENABLE_SHM_COUNTERS  conftest.c   >&5
gcc: error: unrecognized command line option '-kthread'
configure:17945: $? = 1
configure: failed program was:
| /* confdefs.h */
| #define PACKAGE_NAME "mongo-c-driver"
| #define PACKAGE_TARNAME "mongo-c-driver"
| #define PACKAGE_VERSION "1.5.0"
| #define PACKAGE_STRING "mongo-c-driver 1.5.0"
| #define PACKAGE_BUGREPORT "https://jira.mongodb.org/browse/CDRIVER"
| #define PACKAGE_URL ""
| #define HAVE_TYPEOF 1
| #define STDC_HEADERS 1
| #define HAVE_SYS_TYPES_H 1
| #define HAVE_SYS_STAT_H 1
| #define HAVE_STDLIB_H 1
| #define HAVE_STRING_H 1
| #define HAVE_MEMORY_H 1
| #define HAVE_STRINGS_H 1
| #define HAVE_INTTYPES_H 1
| #define HAVE_STDINT_H 1
| #define HAVE_UNISTD_H 1
| #define HAVE_STRINGS_H 1
| #define HAVE_DLFCN_H 1
| #define LT_OBJDIR ".libs/"
| #define HAVE_SASL_SASL_H 1
| #define HAVE_OPENSSL_BIO_H 1
| #define HAVE_OPENSSL_SSL_H 1
| #define HAVE_OPENSSL_ERR_H 1
| #define HAVE_OPENSSL_CRYPTO_H 1
| #define HAVE_SCHED_GETCPU 1
| #define HAVE_CLOCK_GETTIME 1
| /* end confdefs.h.  */
| #include <pthread.h>
|                         static void routine(void *a) { a = 0; }
|                         static void *start_routine(void *a) { return a; }
| int
| main ()
| {
| pthread_t th; pthread_attr_t attr;
|                         pthread_create(&th, 0, start_routine, 0);
|                         pthread_join(th, 0);
|                         pthread_attr_init(&attr);
|                         pthread_cleanup_push(routine, 0);
|                         pthread_cleanup_pop(0) /* ; */
|   ;
|   return 0;
| }
configure:17954: result: no
configure:17907: checking for the pthreads library -llthread
configure:17945: gcc -o conftest     -DMONGOC_ENABLE_SHM_COUNTERS  conftest.c -llthread  >&5
/usr/bin/ld: cannot find -llthread
collect2: error: ld returned 1 exit status
configure:17945: $? = 1
configure: failed program was:
| /* confdefs.h */
| #define PACKAGE_NAME "mongo-c-driver"
| #define PACKAGE_TARNAME "mongo-c-driver"
| #define PACKAGE_VERSION "1.5.0"
| #define PACKAGE_STRING "mongo-c-driver 1.5.0"
| #define PACKAGE_BUGREPORT "https://jira.mongodb.org/browse/CDRIVER"
| #define PACKAGE_URL ""
| #define HAVE_TYPEOF 1
| #define STDC_HEADERS 1
| #define HAVE_SYS_TYPES_H 1
| #define HAVE_SYS_STAT_H 1
| #define HAVE_STDLIB_H 1
| #define HAVE_STRING_H 1
| #define HAVE_MEMORY_H 1
| #define HAVE_STRINGS_H 1
| #define HAVE_INTTYPES_H 1
| #define HAVE_STDINT_H 1
| #define HAVE_UNISTD_H 1
| #define HAVE_STRINGS_H 1
| #define HAVE_DLFCN_H 1
| #define LT_OBJDIR ".libs/"
| #define HAVE_SASL_SASL_H 1
| #define HAVE_OPENSSL_BIO_H 1
| #define HAVE_OPENSSL_SSL_H 1
| #define HAVE_OPENSSL_ERR_H 1
| #define HAVE_OPENSSL_CRYPTO_H 1
| #define HAVE_SCHED_GETCPU 1
| #define HAVE_CLOCK_GETTIME 1
| /* end confdefs.h.  */
| #include <pthread.h>
|                         static void routine(void *a) { a = 0; }
|                         static void *start_routine(void *a) { return a; }
| int
| main ()
| {
| pthread_t th; pthread_attr_t attr;
|                         pthread_create(&th, 0, start_routine, 0);
|                         pthread_join(th, 0);
|                         pthread_attr_init(&attr);
|                         pthread_cleanup_push(routine, 0);
|                         pthread_cleanup_pop(0) /* ; */
|   ;
|   return 0;
| }
configure:17954: result: no
configure:17857: checking whether pthreads work with -pthread
configure:17945: gcc -o conftest  -pthread   -DMONGOC_ENABLE_SHM_COUNTERS  conftest.c   >&5
configure:17945: $? = 0
configure:17954: result: yes
configure:17973: checking for joinable pthread attribute
configure:17988: gcc -o conftest  -pthread  -DMONGOC_ENABLE_SHM_COUNTERS  conftest.c   >&5
configure:17988: $? = 0
configure:17994: result: PTHREAD_CREATE_JOINABLE
configure:18004: checking if more special flags are required for pthreads
configure:18019: result: no
configure:18025: checking for PTHREAD_PRIO_INHERIT
configure:18042: gcc -o conftest  -pthread  -DMONGOC_ENABLE_SHM_COUNTERS  conftest.c   >&5
configure:18042: $? = 0
configure:18051: result: yes
configure:19012: checking whether the linker accepts -Wl,-Bsymbolic
configure:19031: gcc -o conftest   -DMONGOC_ENABLE_SHM_COUNTERS  -Werror  -Wl,-Bsymbolic conftest.c  >&5
configure:19031: $? = 0
configure:19040: result: yes
configure:19080: checking if weak symbols are supported
configure:19097: gcc -o conftest  -O2  -DMONGOC_ENABLE_SHM_COUNTERS  conftest.c  >&5
configure:19097: $? = 0
configure:19098: result: yes
configure:19130: checking whether build environment is sane
configure:19185: result: yes
configure:19333: checking for a thread-safe mkdir -p
configure:19372: result: /bin/mkdir -p
configure:19375: checking whether make sets $(MAKE)
configure:19397: result: yes
configure:19427: checking for style of include used by make
configure:19455: result: GNU
configure:19489: checking whether make supports nested variables
configure:19506: result: yes
configure:19595: checking whether UID '1000' is supported by ustar format
configure:19598: result: yes
configure:19605: checking whether GID '1000' is supported by ustar format
configure:19608: result: yes
configure:19616: checking how to create a ustar tar archive
configure:19627: tar --version
tar (GNU tar) 1.28
Copyright (C) 2014 Free Software Foundation, Inc.
License GPLv3+: GNU GPL version 3 or later <http://gnu.org/licenses/gpl.html>.
This is free software: you are free to change and redistribute it.
There is NO WARRANTY, to the extent permitted by law.

Written by John Gilmore and Jay Fenlason.
configure:19630: $? = 0
configure:19670: tardir=conftest.dir && eval tar --format=ustar -chf - "$tardir" >conftest.tar
configure:19673: $? = 0
configure:19677: tar -xf - <conftest.tar
configure:19680: $? = 0
configure:19682: cat conftest.dir/file
GrepMe
configure:19685: $? = 0
configure:19698: result: gnutar
configure:19707: checking dependency style of gcc
configure:19818: result: gcc3
configure:19835: checking dependency style of g++
configure:19946: result: gcc3
configure:20015: checking whether make supports nested variables
configure:20032: result: yes
configure:20589: checking that generated files are newer than configure
configure:20595: result: done
configure:20694: creating ./config.status

## ---------------------- ##
## Running config.status. ##
## ---------------------- ##

This file was extended by mongo-c-driver config.status 1.5.0, which was
generated by GNU Autoconf 2.69.  Invocation command line was

  CONFIG_FILES    = 
  CONFIG_HEADERS  = 
  CONFIG_LINKS    = 
  CONFIG_COMMANDS = 
  $ ./config.status 

on EU-vm

config.status:1196: creating Makefile
config.status:1196: creating build/version
config.status:1196: creating src/libmongoc-1.0.pc
config.status:1196: creating src/libmongoc-ssl-1.0.pc
config.status:1196: creating src/mongoc/mongoc-config.h
config.status:1196: creating src/mongoc/mongoc-version.h
config.status:1196: creating doc/mongoc_installing.page
config.status:1196: creating doc/mongoc_version.page
config.status:1368: executing libtool commands
config.status:1368: executing depfiles commands
configure:22993: === configuring in src/libbson (/home/andrea/OpenGeoBase-Fed/repo-ng-mongo/mongo-c-driver-1.5.0/src/libbson)
configure:23056: running /bin/bash ./configure --disable-option-checking '--prefix=/usr/local'  --cache-file=/dev/null --srcdir=.

## ---------------- ##
## Cache variables. ##
## ---------------- ##

ac_cv_build=x86_64-pc-linux-gnu
ac_cv_c_compiler_gnu=yes
ac_cv_c_const=yes
ac_cv_c_inline=inline
ac_cv_c_typeof=typeof
ac_cv_cxx_compiler_gnu=yes
ac_cv_env_BSON_CFLAGS_set=
ac_cv_env_BSON_CFLAGS_value=
ac_cv_env_BSON_LIBS_set=
ac_cv_env_BSON_LIBS_value=
ac_cv_env_CCC_set=
ac_cv_env_CCC_value=
ac_cv_env_CC_set=
ac_cv_env_CC_value=
ac_cv_env_CFLAGS_set=
ac_cv_env_CFLAGS_value=
ac_cv_env_CPPFLAGS_set=
ac_cv_env_CPPFLAGS_value=
ac_cv_env_CPP_set=
ac_cv_env_CPP_value=
ac_cv_env_CXXCPP_set=
ac_cv_env_CXXCPP_value=
ac_cv_env_CXXFLAGS_set=
ac_cv_env_CXXFLAGS_value=
ac_cv_env_CXX_set=
ac_cv_env_CXX_value=
ac_cv_env_LDFLAGS_set=
ac_cv_env_LDFLAGS_value=
ac_cv_env_LIBS_set=
ac_cv_env_LIBS_value=
ac_cv_env_LT_SYS_LIBRARY_PATH_set=
ac_cv_env_LT_SYS_LIBRARY_PATH_value=
ac_cv_env_PKG_CONFIG_LIBDIR_set=
ac_cv_env_PKG_CONFIG_LIBDIR_value=
ac_cv_env_PKG_CONFIG_PATH_set=
ac_cv_env_PKG_CONFIG_PATH_value=
ac_cv_env_PKG_CONFIG_set=
ac_cv_env_PKG_CONFIG_value=
ac_cv_env_SASL_CFLAGS_set=
ac_cv_env_SASL_CFLAGS_value=
ac_cv_env_SASL_LIBS_set=
ac_cv_env_SASL_LIBS_value=
ac_cv_env_SSL_CFLAGS_set=
ac_cv_env_SSL_CFLAGS_value=
ac_cv_env_SSL_LIBS_set=
ac_cv_env_SSL_LIBS_value=
ac_cv_env_build_alias_set=
ac_cv_env_build_alias_value=
ac_cv_env_host_alias_set=
ac_cv_env_host_alias_value=
ac_cv_env_target_alias_set=
ac_cv_env_target_alias_value=
ac_cv_func_sched_getcpu=yes
ac_cv_func_shm_open=no
ac_cv_header_dlfcn_h=yes
ac_cv_header_inttypes_h=yes
ac_cv_header_memory_h=yes
ac_cv_header_openssl_bio_h=yes
ac_cv_header_openssl_crypto_h=yes
ac_cv_header_openssl_err_h=yes
ac_cv_header_openssl_ssl_h=yes
ac_cv_header_sasl_sasl_h=yes
ac_cv_header_stdc=yes
ac_cv_header_stdint_h=yes
ac_cv_header_stdlib_h=yes
ac_cv_header_string_h=yes
ac_cv_header_strings_h=yes
ac_cv_header_sys_stat_h=yes
ac_cv_header_sys_types_h=yes
ac_cv_header_unistd_h=yes
ac_cv_host=x86_64-pc-linux-gnu
ac_cv_lib_rt_shm_open=yes
ac_cv_lib_sasl2_sasl_client_done=yes
ac_cv_objext=o
ac_cv_path_EGREP='/bin/grep -E'
ac_cv_path_FGREP='/bin/grep -F'
ac_cv_path_GREP=/bin/grep
ac_cv_path_MV=/bin/mv
ac_cv_path_PERL=/usr/bin/perl
ac_cv_path_SED=/bin/sed
ac_cv_path_ac_pt_PKG_CONFIG=/usr/bin/pkg-config
ac_cv_path_install='/usr/bin/install -c'
ac_cv_path_lt_DD=/bin/dd
ac_cv_path_mkdir=/bin/mkdir
ac_cv_prog_AWK=gawk
ac_cv_prog_CPP='gcc -E'
ac_cv_prog_CXXCPP='g++ -E'
ac_cv_prog_ac_ct_AR=ar
ac_cv_prog_ac_ct_CC=gcc
ac_cv_prog_ac_ct_CXX=g++
ac_cv_prog_ac_ct_DLLTOOL=dlltool
ac_cv_prog_ac_ct_MANIFEST_TOOL=mt
ac_cv_prog_ac_ct_OBJDUMP=objdump
ac_cv_prog_ac_ct_RANLIB=ranlib
ac_cv_prog_ac_ct_STRIP=strip
ac_cv_prog_cc_c89=
ac_cv_prog_cc_g=yes
ac_cv_prog_cxx_g=yes
ac_cv_prog_make_make_set=yes
ac_cv_search_clock_gettime='none required'
ac_cv_target=x86_64-pc-linux-gnu
am_cv_CC_dependencies_compiler_type=gcc3
am_cv_CXX_dependencies_compiler_type=gcc3
am_cv_make_support_nested_variables=yes
am_cv_prog_cc_c_o=yes
am_cv_prog_tar_ustar=gnutar
ax_cv_PTHREAD_PRIO_INHERIT=yes
ax_cv_check_ldflags__Werror___Wl__Bsymbolic=yes
lt_cv_ar_at_file=@
lt_cv_archive_cmds_need_lc=no
lt_cv_deplibs_check_method=pass_all
lt_cv_file_magic_cmd='$MAGIC_CMD'
lt_cv_file_magic_test_file=
lt_cv_ld_reload_flag=-r
lt_cv_nm_interface='BSD nm'
lt_cv_objdir=.libs
lt_cv_path_LD=/usr/bin/ld
lt_cv_path_LDCXX='/usr/bin/ld -m elf_x86_64'
lt_cv_path_NM='/usr/bin/nm -B'
lt_cv_path_mainfest_tool=no
lt_cv_prog_compiler_c_o=yes
lt_cv_prog_compiler_c_o_CXX=yes
lt_cv_prog_compiler_pic='-fPIC -DPIC'
lt_cv_prog_compiler_pic_CXX='-fPIC -DPIC'
lt_cv_prog_compiler_pic_works=yes
lt_cv_prog_compiler_pic_works_CXX=yes
lt_cv_prog_compiler_rtti_exceptions=no
lt_cv_prog_compiler_static_works=yes
lt_cv_prog_compiler_static_works_CXX=yes
lt_cv_prog_gnu_ld=yes
lt_cv_prog_gnu_ldcxx=yes
lt_cv_sharedlib_from_linklib_cmd='printf %s\n'
lt_cv_shlibpath_overrides_runpath=no
lt_cv_sys_global_symbol_pipe='sed -n -e '\''s/^.*[	 ]\([ABCDGIRSTW][ABCDGIRSTW]*\)[	 ][	 ]*\([_A-Za-z][_A-Za-z0-9]*\)$/\1 \2 \2/p'\'' | sed '\''/ __gnu_lto/d'\'''
lt_cv_sys_global_symbol_to_c_name_address='sed -n -e '\''s/^: \(.*\) .*$/  {"\1", (void *) 0},/p'\'' -e '\''s/^[ABCDGIRSTW][ABCDGIRSTW]* .* \(.*\)$/  {"\1", (void *) \&\1},/p'\'''
lt_cv_sys_global_symbol_to_c_name_address_lib_prefix='sed -n -e '\''s/^: \(.*\) .*$/  {"\1", (void *) 0},/p'\'' -e '\''s/^[ABCDGIRSTW][ABCDGIRSTW]* .* \(lib.*\)$/  {"\1", (void *) \&\1},/p'\'' -e '\''s/^[ABCDGIRSTW][ABCDGIRSTW]* .* \(.*\)$/  {"lib\1", (void *) \&\1},/p'\'''
lt_cv_sys_global_symbol_to_cdecl='sed -n -e '\''s/^T .* \(.*\)$/extern int \1();/p'\'' -e '\''s/^[ABCDGIRSTW][ABCDGIRSTW]* .* \(.*\)$/extern char \1;/p'\'''
lt_cv_sys_global_symbol_to_import=
lt_cv_sys_max_cmd_len=1572864
lt_cv_to_host_file_cmd=func_convert_file_noop
lt_cv_to_tool_file_cmd=func_convert_file_noop
lt_cv_truncate_bin='/bin/dd bs=4096 count=1'
pkg_cv_SASL_CFLAGS=
pkg_cv_SASL_LIBS=-lsasl2
pkg_cv_SSL_CFLAGS=
pkg_cv_SSL_LIBS='-lssl -lcrypto'

## ----------------- ##
## Output variables. ##
## ----------------- ##

ACLOCAL='${SHELL} /home/andrea/OpenGeoBase-Fed/repo-ng-mongo/mongo-c-driver-1.5.0/build/autotools/missing aclocal-1.15'
ACLOCAL_AMFLAGS='-I build/autotools'
AMDEPBACKSLASH='\'
AMDEP_FALSE='#'
AMDEP_TRUE=''
AMTAR='$${TAR-tar}'
AM_BACKSLASH='\'
AM_DEFAULT_V='$(AM_DEFAULT_VERBOSITY)'
AM_DEFAULT_VERBOSITY='0'
AM_V='$(V)'
AR='ar'
AS='as'
AUTOCONF='${SHELL} /home/andrea/OpenGeoBase-Fed/repo-ng-mongo/mongo-c-driver-1.5.0/build/autotools/missing autoconf'
AUTOHEADER='${SHELL} /home/andrea/OpenGeoBase-Fed/repo-ng-mongo/mongo-c-driver-1.5.0/build/autotools/missing autoheader'
AUTOMAKE='${SHELL} /home/andrea/OpenGeoBase-Fed/repo-ng-mongo/mongo-c-driver-1.5.0/build/autotools/missing automake-1.15'
AWK='gawk'
BSON_CFLAGS='-I./src/libbson/src/bson -Isrc/libbson/src/bson'
BSON_LIBS='src/libbson/libbson-1.0.la'
BSON_OS='1'
CC='gcc'
CCDEPMODE='depmode=gcc3'
CFLAGS=' -O2'
COMPILER_CLANG_FALSE=''
COMPILER_CLANG_TRUE='#'
COMPILER_GCC_FALSE=''
COMPILER_GCC_TRUE='#'
COVERAGE_CFLAGS=''
COVERAGE_LDFLAGS=''
CPP='gcc -E'
CPPFLAGS=' -DMONGOC_ENABLE_SHM_COUNTERS'
CXX='g++'
CXXCPP='g++ -E'
CXXDEPMODE='depmode=gcc3'
CXXFLAGS=''
CYGPATH_W='echo'
DEFS='-DPACKAGE_NAME=\"mongo-c-driver\" -DPACKAGE_TARNAME=\"mongo-c-driver\" -DPACKAGE_VERSION=\"1.5.0\" -DPACKAGE_STRING=\"mongo-c-driver\ 1.5.0\" -DPACKAGE_BUGREPORT=\"https://jira.mongodb.org/browse/CDRIVER\" -DPACKAGE_URL=\"\" -DHAVE_TYPEOF=1 -DSTDC_HEADERS=1 -DHAVE_SYS_TYPES_H=1 -DHAVE_SYS_STAT_H=1 -DHAVE_STDLIB_H=1 -DHAVE_STRING_H=1 -DHAVE_MEMORY_H=1 -DHAVE_STRINGS_H=1 -DHAVE_INTTYPES_H=1 -DHAVE_STDINT_H=1 -DHAVE_UNISTD_H=1 -DHAVE_STRINGS_H=1 -DHAVE_DLFCN_H=1 -DLT_OBJDIR=\".libs/\" -DHAVE_SASL_SASL_H=1 -DHAVE_OPENSSL_BIO_H=1 -DHAVE_OPENSSL_SSL_H=1 -DHAVE_OPENSSL_ERR_H=1 -DHAVE_OPENSSL_CRYPTO_H=1 -DHAVE_SCHED_GETCPU=1 -DHAVE_CLOCK_GETTIME=1 -DHAVE_PTHREAD_PRIO_INHERIT=1 -DHAVE_PTHREAD=1 -DPACKAGE=\"mongo-c-driver\" -DVERSION=\"1.5.0\"'
DEPDIR='.deps'
DLLTOOL='dlltool'
DSYMUTIL=''
DUMPBIN=''
ECHO_C=''
ECHO_N='-n'
ECHO_T=''
EGREP='/bin/grep -E'
ENABLE_CRYPTO_CNG_FALSE=''
ENABLE_CRYPTO_CNG_TRUE='#'
ENABLE_CRYPTO_COMMON_CRYPTO_FALSE=''
ENABLE_CRYPTO_COMMON_CRYPTO_TRUE='#'
ENABLE_CRYPTO_FALSE='#'
ENABLE_CRYPTO_LIBCRYPTO_FALSE='#'
ENABLE_CRYPTO_LIBCRYPTO_TRUE=''
ENABLE_CRYPTO_TRUE=''
ENABLE_DEBUG_FALSE=''
ENABLE_DEBUG_TRUE='#'
ENABLE_EXAMPLES_FALSE='#'
ENABLE_EXAMPLES_TRUE=''
ENABLE_HTML_DOCS_FALSE=''
ENABLE_HTML_DOCS_TRUE='#'
ENABLE_LIBBSON_FALSE='#'
ENABLE_LIBBSON_TRUE=''
ENABLE_MAN_PAGES_FALSE=''
ENABLE_MAN_PAGES_TRUE='#'
ENABLE_PTHREADS_FALSE=''
ENABLE_PTHREADS_TRUE='#'
ENABLE_SASL_FALSE='#'
ENABLE_SASL_TRUE=''
ENABLE_SSL_FALSE='#'
ENABLE_SSL_LIBRESSL_FALSE=''
ENABLE_SSL_LIBRESSL_TRUE='#'
ENABLE_SSL_OPENSSL_FALSE='#'
ENABLE_SSL_OPENSSL_TRUE=''
ENABLE_SSL_SECURE_CHANNEL_FALSE=''
ENABLE_SSL_SECURE_CHANNEL_TRUE='#'
ENABLE_SSL_SECURE_TRANSPORT_FALSE=''
ENABLE_SSL_SECURE_TRANSPORT_TRUE='#'
ENABLE_SSL_TRUE=''
ENABLE_STDBOOL_FALSE=''
ENABLE_STDBOOL_TRUE='#'
ENABLE_TESTS_FALSE='#'
ENABLE_TESTS_TRUE=''
EXEEXT=''
EXPLICIT_LIBS_FALSE='#'
EXPLICIT_LIBS_TRUE=''
FGREP='/bin/grep -F'
GREP='/bin/grep'
INSTALL_DATA='${INSTALL} -m 644'
INSTALL_PROGRAM='${INSTALL}'
INSTALL_SCRIPT='${INSTALL}'
INSTALL_STRIP_PROGRAM='$(install_sh) -c -s'
LD='/usr/bin/ld -m elf_x86_64'
LDFLAGS=''
LIBC_FEATURES='-D_GNU_SOURCE'
LIBOBJS=''
LIBS=''
LIBTOOL='$(SHELL) $(top_builddir)/libtool'
LIPO=''
LN_S='ln -s'
LTLIBOBJS=''
LT_SYS_LIBRARY_PATH=''
MAKEINFO='${SHELL} /home/andrea/OpenGeoBase-Fed/repo-ng-mongo/mongo-c-driver-1.5.0/build/autotools/missing makeinfo'
MANIFEST_TOOL=':'
MKDIR_P='/bin/mkdir -p'
MONGOC_API_VERSION='1.0'
MONGOC_CC='gcc'
MONGOC_ENABLE_CRYPTO='1'
MONGOC_ENABLE_CRYPTO_CNG='0'
MONGOC_ENABLE_CRYPTO_COMMON_CRYPTO='0'
MONGOC_ENABLE_CRYPTO_LIBCRYPTO='1'
MONGOC_ENABLE_CRYPTO_SYSTEM_PROFILE='0'
MONGOC_ENABLE_SASL='1'
MONGOC_ENABLE_SSL='1'
MONGOC_ENABLE_SSL_LIBRESSL='0'
MONGOC_ENABLE_SSL_OPENSSL='1'
MONGOC_ENABLE_SSL_SECURE_CHANNEL='0'
MONGOC_ENABLE_SSL_SECURE_TRANSPORT='0'
MONGOC_HAVE_SASL_CLIENT_DONE='1'
MONGOC_HAVE_WEAK_SYMBOLS='1'
MONGOC_MAJOR_VERSION='1'
MONGOC_MICRO_VERSION='0'
MONGOC_MINOR_VERSION='5'
MONGOC_NO_AUTOMATIC_GLOBALS='0'
MONGOC_PRERELEASE_VERSION=''
MONGOC_RELEASED_MAJOR_VERSION='1'
MONGOC_RELEASED_MICRO_VERSION='0'
MONGOC_RELEASED_MINOR_VERSION='5'
MONGOC_RELEASED_PRERELEASE_VERSION=''
MONGOC_RELEASED_VERSION='1.5.0'
MONGOC_USER_SET_CFLAGS=''
MONGOC_USER_SET_LDFLAGS=''
MONGOC_VERSION='1.5.0'
MV='/bin/mv'
NM='/usr/bin/nm -B'
NMEDIT=''
OBJDUMP='objdump'
OBJEXT='o'
OPTIMIZE_CFLAGS=''
OPTIMIZE_LDFLAGS=' -Wl,-Bsymbolic'
OS_DARWIN_FALSE=''
OS_DARWIN_TRUE='#'
OS_FREEBSD_FALSE=''
OS_FREEBSD_TRUE='#'
OS_GNU_FALSE='#'
OS_GNU_TRUE=''
OS_LINUX_FALSE='#'
OS_LINUX_TRUE=''
OS_SOLARIS_FALSE=''
OS_SOLARIS_TRUE='#'
OS_UNIX_FALSE='#'
OS_UNIX_TRUE=''
OS_WIN32_FALSE=''
OS_WIN32_TRUE='#'
OTOOL64=''
OTOOL=''
PACKAGE='mongo-c-driver'
PACKAGE_BUGREPORT='https://jira.mongodb.org/browse/CDRIVER'
PACKAGE_NAME='mongo-c-driver'
PACKAGE_STRING='mongo-c-driver 1.5.0'
PACKAGE_TARNAME='mongo-c-driver'
PACKAGE_URL=''
PACKAGE_VERSION='1.5.0'
PATH_SEPARATOR=':'
PERL='/usr/bin/perl'
PKG_CONFIG='/usr/bin/pkg-config'
PKG_CONFIG_LIBDIR=''
PKG_CONFIG_PATH=''
PTHREAD_CC='gcc'
PTHREAD_CFLAGS='-pthread'
PTHREAD_LIBS=''
RANLIB='ranlib'
SASL_CFLAGS=''
SASL_LIBS='-lsasl2'
SED='/bin/sed'
SET_MAKE=''
SHELL='/bin/bash'
SHM_LIB='-lrt'
SSL_CFLAGS=''
SSL_LIBS='-lssl -lcrypto'
STRIP='strip'
VERSION='1.5.0'
WITH_LIBBSON_FALSE='#'
WITH_LIBBSON_TRUE=''
YELP_BUILD=''
ac_ct_AR='ar'
ac_ct_CC='gcc'
ac_ct_CXX='g++'
ac_ct_DUMPBIN=''
am__EXEEXT_FALSE=''
am__EXEEXT_TRUE='#'
am__fastdepCC_FALSE='#'
am__fastdepCC_TRUE=''
am__fastdepCXX_FALSE='#'
am__fastdepCXX_TRUE=''
am__include='include'
am__isrc=''
am__leading_dot='.'
am__nodep='_no'
am__quote=''
am__tar='tar --format=ustar -chf - "$$tardir"'
am__untar='tar -xf -'
ax_pthread_config=''
bindir='${exec_prefix}/bin'
build='x86_64-pc-linux-gnu'
build_alias=''
build_cpu='x86_64'
build_os='linux-gnu'
build_vendor='pc'
datadir='${datarootdir}'
datarootdir='${prefix}/share'
docdir='${datarootdir}/doc/${PACKAGE_TARNAME}'
dvidir='${docdir}'
exec_prefix='${prefix}'
host='x86_64-pc-linux-gnu'
host_alias=''
host_cpu='x86_64'
host_os='linux-gnu'
host_vendor='pc'
htmldir='${docdir}'
includedir='${prefix}/include'
infodir='${datarootdir}/info'
install_sh='${SHELL} /home/andrea/OpenGeoBase-Fed/repo-ng-mongo/mongo-c-driver-1.5.0/build/autotools/install-sh'
libdir='${exec_prefix}/lib'
libexecdir='${exec_prefix}/libexec'
localedir='${datarootdir}/locale'
localstatedir='${prefix}/var'
mandir='${datarootdir}/man'
mkdir_p='$(MKDIR_P)'
oldincludedir='/usr/include'
pdfdir='${docdir}'
prefix='/usr/local'
program_transform_name='s,x,x,'
psdir='${docdir}'
runstatedir='${localstatedir}/run'
sbindir='${exec_prefix}/sbin'
sharedstatedir='${prefix}/com'
subdirs=' src/libbson'
sysconfdir='${prefix}/etc'
target='x86_64-pc-linux-gnu'
target_alias=''
target_cpu='x86_64'
target_os='linux-gnu'
target_vendor='pc'

## ----------- ##
## confdefs.h. ##
## ----------- ##

/* confdefs.h */
#define PACKAGE_NAME "mongo-c-driver"
#define PACKAGE_TARNAME "mongo-c-driver"
#define PACKAGE_VERSION "1.5.0"
#define PACKAGE_STRING "mongo-c-driver 1.5.0"
#define PACKAGE_BUGREPORT "https://jira.mongodb.org/browse/CDRIVER"
#define PACKAGE_URL ""
#define HAVE_TYPEOF 1
#define STDC_HEADERS 1
#define HAVE_SYS_TYPES_H 1
#define HAVE_SYS_STAT_H 1
#define HAVE_STDLIB_H 1
#define HAVE_STRING_H 1
#define HAVE_MEMORY_H 1
#define HAVE_STRINGS_H 1
#define HAVE_INTTYPES_H 1
#define HAVE_STDINT_H 1
#define HAVE_UNISTD_H 1
#define HAVE_STRINGS_H 1
#define HAVE_DLFCN_H 1
#define LT_OBJDIR ".libs/"
#define HAVE_SASL_SASL_H 1
#define HAVE_OPENSSL_BIO_H 1
#define HAVE_OPENSSL_SSL_H 1
#define HAVE_OPENSSL_ERR_H 1
#define HAVE_OPENSSL_CRYPTO_H 1
#define HAVE_SCHED_GETCPU 1
#define HAVE_CLOCK_GETTIME 1
#define HAVE_PTHREAD_PRIO_INHERIT 1
#define HAVE_PTHREAD 1
#define PACKAGE "mongo-c-driver"
#define VERSION "1.5.0"

configure: exit 0
