Determining if the pthread_create exist failed with the following output:
Change Dir: /home/andrea/OpenGeoBase-Fed/repo-ng-mongo/mongo-c-driver-1.5.0/cmake-build/CMakeFiles/CMakeTmp

Run Build Command:"/usr/bin/make" "cmTC_58d35/fast"
/usr/bin/make -f CMakeFiles/cmTC_58d35.dir/build.make CMakeFiles/cmTC_58d35.dir/build
make[1]: Entering directory '/home/andrea/OpenGeoBase-Fed/repo-ng-mongo/mongo-c-driver-1.5.0/cmake-build/CMakeFiles/CMakeTmp'
Building C object CMakeFiles/cmTC_58d35.dir/CheckSymbolExists.c.o
/usr/bin/cc     -o CMakeFiles/cmTC_58d35.dir/CheckSymbolExists.c.o   -c /home/andrea/OpenGeoBase-Fed/repo-ng-mongo/mongo-c-driver-1.5.0/cmake-build/CMakeFiles/CMakeTmp/CheckSymbolExists.c
Linking C executable cmTC_58d35
/usr/bin/cmake -E cmake_link_script CMakeFiles/cmTC_58d35.dir/link.txt --verbose=1
/usr/bin/cc       CMakeFiles/cmTC_58d35.dir/CheckSymbolExists.c.o  -o cmTC_58d35 -rdynamic 
CMakeFiles/cmTC_58d35.dir/CheckSymbolExists.c.o: In function `main':
CheckSymbolExists.c:(.text+0x16): undefined reference to `pthread_create'
collect2: error: ld returned 1 exit status
CMakeFiles/cmTC_58d35.dir/build.make:97: recipe for target 'cmTC_58d35' failed
make[1]: *** [cmTC_58d35] Error 1
make[1]: Leaving directory '/home/andrea/OpenGeoBase-Fed/repo-ng-mongo/mongo-c-driver-1.5.0/cmake-build/CMakeFiles/CMakeTmp'
Makefile:126: recipe for target 'cmTC_58d35/fast' failed
make: *** [cmTC_58d35/fast] Error 2

File /home/andrea/OpenGeoBase-Fed/repo-ng-mongo/mongo-c-driver-1.5.0/cmake-build/CMakeFiles/CMakeTmp/CheckSymbolExists.c:
/* */
#include <pthread.h>

int main(int argc, char** argv)
{
  (void)argv;
#ifndef pthread_create
  return ((int*)(&pthread_create))[argc];
#else
  (void)argc;
  return 0;
#endif
}

Determining if the function pthread_create exists in the pthreads failed with the following output:
Change Dir: /home/andrea/OpenGeoBase-Fed/repo-ng-mongo/mongo-c-driver-1.5.0/cmake-build/CMakeFiles/CMakeTmp

Run Build Command:"/usr/bin/make" "cmTC_a9e62/fast"
/usr/bin/make -f CMakeFiles/cmTC_a9e62.dir/build.make CMakeFiles/cmTC_a9e62.dir/build
make[1]: Entering directory '/home/andrea/OpenGeoBase-Fed/repo-ng-mongo/mongo-c-driver-1.5.0/cmake-build/CMakeFiles/CMakeTmp'
Building C object CMakeFiles/cmTC_a9e62.dir/CheckFunctionExists.c.o
/usr/bin/cc    -DCHECK_FUNCTION_EXISTS=pthread_create   -o CMakeFiles/cmTC_a9e62.dir/CheckFunctionExists.c.o   -c /usr/share/cmake-3.5/Modules/CheckFunctionExists.c
Linking C executable cmTC_a9e62
/usr/bin/cmake -E cmake_link_script CMakeFiles/cmTC_a9e62.dir/link.txt --verbose=1
/usr/bin/cc   -DCHECK_FUNCTION_EXISTS=pthread_create    CMakeFiles/cmTC_a9e62.dir/CheckFunctionExists.c.o  -o cmTC_a9e62 -rdynamic -lpthreads 
/usr/bin/ld: cannot find -lpthreads
collect2: error: ld returned 1 exit status
CMakeFiles/cmTC_a9e62.dir/build.make:97: recipe for target 'cmTC_a9e62' failed
make[1]: *** [cmTC_a9e62] Error 1
make[1]: Leaving directory '/home/andrea/OpenGeoBase-Fed/repo-ng-mongo/mongo-c-driver-1.5.0/cmake-build/CMakeFiles/CMakeTmp'
Makefile:126: recipe for target 'cmTC_a9e62/fast' failed
make: *** [cmTC_a9e62/fast] Error 2


Determining if the sasl_client_done exist failed with the following output:
Change Dir: /home/andrea/OpenGeoBase-Fed/repo-ng-mongo/mongo-c-driver-1.5.0/cmake-build/CMakeFiles/CMakeTmp

Run Build Command:"/usr/bin/make" "cmTC_27600/fast"
/usr/bin/make -f CMakeFiles/cmTC_27600.dir/build.make CMakeFiles/cmTC_27600.dir/build
make[1]: Entering directory '/home/andrea/OpenGeoBase-Fed/repo-ng-mongo/mongo-c-driver-1.5.0/cmake-build/CMakeFiles/CMakeTmp'
Building C object CMakeFiles/cmTC_27600.dir/CheckSymbolExists.c.o
/usr/bin/cc     -o CMakeFiles/cmTC_27600.dir/CheckSymbolExists.c.o   -c /home/andrea/OpenGeoBase-Fed/repo-ng-mongo/mongo-c-driver-1.5.0/cmake-build/CMakeFiles/CMakeTmp/CheckSymbolExists.c
Linking C executable cmTC_27600
/usr/bin/cmake -E cmake_link_script CMakeFiles/cmTC_27600.dir/link.txt --verbose=1
/usr/bin/cc       CMakeFiles/cmTC_27600.dir/CheckSymbolExists.c.o  -o cmTC_27600 -rdynamic 
CMakeFiles/cmTC_27600.dir/CheckSymbolExists.c.o: In function `main':
CheckSymbolExists.c:(.text+0x16): undefined reference to `sasl_client_done'
collect2: error: ld returned 1 exit status
CMakeFiles/cmTC_27600.dir/build.make:97: recipe for target 'cmTC_27600' failed
make[1]: *** [cmTC_27600] Error 1
make[1]: Leaving directory '/home/andrea/OpenGeoBase-Fed/repo-ng-mongo/mongo-c-driver-1.5.0/cmake-build/CMakeFiles/CMakeTmp'
Makefile:126: recipe for target 'cmTC_27600/fast' failed
make: *** [cmTC_27600/fast] Error 2

File /home/andrea/OpenGeoBase-Fed/repo-ng-mongo/mongo-c-driver-1.5.0/cmake-build/CMakeFiles/CMakeTmp/CheckSymbolExists.c:
/* */
#include </usr/include/sasl/sasl.h>

int main(int argc, char** argv)
{
  (void)argv;
#ifndef sasl_client_done
  return ((int*)(&sasl_client_done))[argc];
#else
  (void)argc;
  return 0;
#endif
}

